<?xml version="1.0" encoding="UTF-8"?>
<testsuite xmlns:xsi="http://www.w3.org/2001/XMLSchema-instance" xsi:noNamespaceSchemaLocation="https://maven.apache.org/surefire/maven-surefire-plugin/xsd/surefire-test-report-3.0.xsd" version="3.0" name="TestSuite" time="1.124" tests="6" errors="0" skipped="0" failures="0">
  <properties>
    <property name="java.specification.version" value="15"/>
    <property name="sun.jnu.encoding" value="UTF-8"/>
    <property name="java.class.path" value="/Users/lilmarkv/Desktop/QA Automation_Eclipse/ProjectOne/Mavenjava/target/test-classes:/Users/lilmarkv/Desktop/QA Automation_Eclipse/ProjectOne/Mavenjava/target/classes:/Users/lilmarkv/.m2/repository/org/seleniumhq/selenium/selenium-java/3.141.59/selenium-java-3.141.59.jar:/Users/lilmarkv/.m2/repository/org/seleniumhq/selenium/selenium-api/3.141.59/selenium-api-3.141.59.jar:/Users/lilmarkv/.m2/repository/org/seleniumhq/selenium/selenium-chrome-driver/3.141.59/selenium-chrome-driver-3.141.59.jar:/Users/lilmarkv/.m2/repository/org/seleniumhq/selenium/selenium-edge-driver/3.141.59/selenium-edge-driver-3.141.59.jar:/Users/lilmarkv/.m2/repository/org/seleniumhq/selenium/selenium-firefox-driver/3.141.59/selenium-firefox-driver-3.141.59.jar:/Users/lilmarkv/.m2/repository/org/seleniumhq/selenium/selenium-ie-driver/3.141.59/selenium-ie-driver-3.141.59.jar:/Users/lilmarkv/.m2/repository/org/seleniumhq/selenium/selenium-opera-driver/3.141.59/selenium-opera-driver-3.141.59.jar:/Users/lilmarkv/.m2/repository/org/seleniumhq/selenium/selenium-remote-driver/3.141.59/selenium-remote-driver-3.141.59.jar:/Users/lilmarkv/.m2/repository/org/seleniumhq/selenium/selenium-safari-driver/3.141.59/selenium-safari-driver-3.141.59.jar:/Users/lilmarkv/.m2/repository/org/seleniumhq/selenium/selenium-support/3.141.59/selenium-support-3.141.59.jar:/Users/lilmarkv/.m2/repository/net/bytebuddy/byte-buddy/1.8.15/byte-buddy-1.8.15.jar:/Users/lilmarkv/.m2/repository/org/apache/commons/commons-exec/1.3/commons-exec-1.3.jar:/Users/lilmarkv/.m2/repository/com/google/guava/guava/25.0-jre/guava-25.0-jre.jar:/Users/lilmarkv/.m2/repository/com/google/code/findbugs/jsr305/1.3.9/jsr305-1.3.9.jar:/Users/lilmarkv/.m2/repository/org/checkerframework/checker-compat-qual/2.0.0/checker-compat-qual-2.0.0.jar:/Users/lilmarkv/.m2/repository/com/google/errorprone/error_prone_annotations/2.1.3/error_prone_annotations-2.1.3.jar:/Users/lilmarkv/.m2/repository/com/google/j2objc/j2objc-annotations/1.1/j2objc-annotations-1.1.jar:/Users/lilmarkv/.m2/repository/org/codehaus/mojo/animal-sniffer-annotations/1.14/animal-sniffer-annotations-1.14.jar:/Users/lilmarkv/.m2/repository/com/squareup/okhttp3/okhttp/3.11.0/okhttp-3.11.0.jar:/Users/lilmarkv/.m2/repository/com/squareup/okio/okio/1.14.0/okio-1.14.0.jar:/Users/lilmarkv/.m2/repository/org/testng/testng/7.3.0/testng-7.3.0.jar:/Users/lilmarkv/.m2/repository/com/beust/jcommander/1.78/jcommander-1.78.jar:/Users/lilmarkv/.m2/repository/org/apache/ant/ant/1.10.3/ant-1.10.3.jar:/Users/lilmarkv/.m2/repository/org/apache/ant/ant-launcher/1.10.3/ant-launcher-1.10.3.jar:/Users/lilmarkv/.m2/repository/junit/junit/4.12/junit-4.12.jar:/Users/lilmarkv/.m2/repository/org/hamcrest/hamcrest-core/1.3/hamcrest-core-1.3.jar:/Users/lilmarkv/.m2/repository/com/google/inject/guice/4.2.2/guice-4.2.2-no_aop.jar:/Users/lilmarkv/.m2/repository/javax/inject/javax.inject/1/javax.inject-1.jar:/Users/lilmarkv/.m2/repository/aopalliance/aopalliance/1.0/aopalliance-1.0.jar:/Users/lilmarkv/.m2/repository/org/yaml/snakeyaml/1.21/snakeyaml-1.21.jar:/Users/lilmarkv/.m2/repository/io/rest-assured/rest-assured/4.3.3/rest-assured-4.3.3.jar:/Users/lilmarkv/.m2/repository/org/codehaus/groovy/groovy/3.0.7/groovy-3.0.7.jar:/Users/lilmarkv/.m2/repository/org/codehaus/groovy/groovy-xml/3.0.7/groovy-xml-3.0.7.jar:/Users/lilmarkv/.m2/repository/org/apache/httpcomponents/httpclient/4.5.3/httpclient-4.5.3.jar:/Users/lilmarkv/.m2/repository/org/apache/httpcomponents/httpcore/4.4.6/httpcore-4.4.6.jar:/Users/lilmarkv/.m2/repository/commons-logging/commons-logging/1.2/commons-logging-1.2.jar:/Users/lilmarkv/.m2/repository/commons-codec/commons-codec/1.9/commons-codec-1.9.jar:/Users/lilmarkv/.m2/repository/org/apache/httpcomponents/httpmime/4.5.3/httpmime-4.5.3.jar:/Users/lilmarkv/.m2/repository/org/hamcrest/hamcrest/2.1/hamcrest-2.1.jar:/Users/lilmarkv/.m2/repository/org/ccil/cowan/tagsoup/tagsoup/1.2.1/tagsoup-1.2.1.jar:/Users/lilmarkv/.m2/repository/io/rest-assured/json-path/4.3.3/json-path-4.3.3.jar:/Users/lilmarkv/.m2/repository/org/codehaus/groovy/groovy-json/3.0.7/groovy-json-3.0.7.jar:/Users/lilmarkv/.m2/repository/io/rest-assured/rest-assured-common/4.3.3/rest-assured-common-4.3.3.jar:/Users/lilmarkv/.m2/repository/io/rest-assured/xml-path/4.3.3/xml-path-4.3.3.jar:/Users/lilmarkv/.m2/repository/jakarta/xml/bind/jakarta.xml.bind-api/2.3.3/jakarta.xml.bind-api-2.3.3.jar:/Users/lilmarkv/.m2/repository/jakarta/activation/jakarta.activation-api/1.2.2/jakarta.activation-api-1.2.2.jar:/Users/lilmarkv/.m2/repository/com/sun/xml/bind/jaxb-impl/2.3.3/jaxb-impl-2.3.3.jar:/Users/lilmarkv/.m2/repository/io/appium/java-client/7.4.1/java-client-7.4.1.jar:/Users/lilmarkv/.m2/repository/com/google/code/gson/gson/2.8.6/gson-2.8.6.jar:/Users/lilmarkv/.m2/repository/cglib/cglib/3.3.0/cglib-3.3.0.jar:/Users/lilmarkv/.m2/repository/org/ow2/asm/asm/7.1/asm-7.1.jar:/Users/lilmarkv/.m2/repository/commons-validator/commons-validator/1.7/commons-validator-1.7.jar:/Users/lilmarkv/.m2/repository/commons-beanutils/commons-beanutils/1.9.4/commons-beanutils-1.9.4.jar:/Users/lilmarkv/.m2/repository/commons-digester/commons-digester/2.1/commons-digester-2.1.jar:/Users/lilmarkv/.m2/repository/commons-collections/commons-collections/3.2.2/commons-collections-3.2.2.jar:/Users/lilmarkv/.m2/repository/org/apache/commons/commons-lang3/3.11/commons-lang3-3.11.jar:/Users/lilmarkv/.m2/repository/commons-io/commons-io/2.8.0/commons-io-2.8.0.jar:/Users/lilmarkv/.m2/repository/org/springframework/spring-context/5.3.1/spring-context-5.3.1.jar:/Users/lilmarkv/.m2/repository/org/springframework/spring-aop/5.3.1/spring-aop-5.3.1.jar:/Users/lilmarkv/.m2/repository/org/springframework/spring-beans/5.3.1/spring-beans-5.3.1.jar:/Users/lilmarkv/.m2/repository/org/springframework/spring-core/5.3.1/spring-core-5.3.1.jar:/Users/lilmarkv/.m2/repository/org/springframework/spring-jcl/5.3.1/spring-jcl-5.3.1.jar:/Users/lilmarkv/.m2/repository/org/springframework/spring-expression/5.3.1/spring-expression-5.3.1.jar:/Users/lilmarkv/.m2/repository/org/aspectj/aspectjweaver/1.9.6/aspectjweaver-1.9.6.jar:/Users/lilmarkv/.m2/repository/org/slf4j/slf4j-api/1.7.30/slf4j-api-1.7.30.jar:"/>
    <property name="java.vm.vendor" value="Oracle Corporation"/>
    <property name="sun.arch.data.model" value="64"/>
    <property name="java.vendor.url" value="https://java.oracle.com/"/>
    <property name="user.timezone" value="America/Los_Angeles"/>
    <property name="os.name" value="Mac OS X"/>
    <property name="java.vm.specification.version" value="15"/>
    <property name="sun.java.launcher" value="SUN_STANDARD"/>
    <property name="user.country" value="US"/>
    <property name="sun.boot.library.path" value="/Library/Java/JavaVirtualMachines/jdk-15.0.1.jdk/Contents/Home/lib"/>
    <property name="sun.java.command" value="/Users/lilmarkv/Desktop/QA Automation_Eclipse/ProjectOne/Mavenjava/target/surefire/surefirebooter13325602581008781277.jar /Users/lilmarkv/Desktop/QA Automation_Eclipse/ProjectOne/Mavenjava/target/surefire 2021-02-18T07-13-55_679-jvmRun1 surefire8634899802230688797tmp surefire_013414581374064088830tmp"/>
    <property name="http.nonProxyHosts" value="local|*.local|169.254/16|*.169.254/16"/>
    <property name="jdk.debug" value="release"/>
    <property name="surefire.test.class.path" value="/Users/lilmarkv/Desktop/QA Automation_Eclipse/ProjectOne/Mavenjava/target/test-classes:/Users/lilmarkv/Desktop/QA Automation_Eclipse/ProjectOne/Mavenjava/target/classes:/Users/lilmarkv/.m2/repository/org/seleniumhq/selenium/selenium-java/3.141.59/selenium-java-3.141.59.jar:/Users/lilmarkv/.m2/repository/org/seleniumhq/selenium/selenium-api/3.141.59/selenium-api-3.141.59.jar:/Users/lilmarkv/.m2/repository/org/seleniumhq/selenium/selenium-chrome-driver/3.141.59/selenium-chrome-driver-3.141.59.jar:/Users/lilmarkv/.m2/repository/org/seleniumhq/selenium/selenium-edge-driver/3.141.59/selenium-edge-driver-3.141.59.jar:/Users/lilmarkv/.m2/repository/org/seleniumhq/selenium/selenium-firefox-driver/3.141.59/selenium-firefox-driver-3.141.59.jar:/Users/lilmarkv/.m2/repository/org/seleniumhq/selenium/selenium-ie-driver/3.141.59/selenium-ie-driver-3.141.59.jar:/Users/lilmarkv/.m2/repository/org/seleniumhq/selenium/selenium-opera-driver/3.141.59/selenium-opera-driver-3.141.59.jar:/Users/lilmarkv/.m2/repository/org/seleniumhq/selenium/selenium-remote-driver/3.141.59/selenium-remote-driver-3.141.59.jar:/Users/lilmarkv/.m2/repository/org/seleniumhq/selenium/selenium-safari-driver/3.141.59/selenium-safari-driver-3.141.59.jar:/Users/lilmarkv/.m2/repository/org/seleniumhq/selenium/selenium-support/3.141.59/selenium-support-3.141.59.jar:/Users/lilmarkv/.m2/repository/net/bytebuddy/byte-buddy/1.8.15/byte-buddy-1.8.15.jar:/Users/lilmarkv/.m2/repository/org/apache/commons/commons-exec/1.3/commons-exec-1.3.jar:/Users/lilmarkv/.m2/repository/com/google/guava/guava/25.0-jre/guava-25.0-jre.jar:/Users/lilmarkv/.m2/repository/com/google/code/findbugs/jsr305/1.3.9/jsr305-1.3.9.jar:/Users/lilmarkv/.m2/repository/org/checkerframework/checker-compat-qual/2.0.0/checker-compat-qual-2.0.0.jar:/Users/lilmarkv/.m2/repository/com/google/errorprone/error_prone_annotations/2.1.3/error_prone_annotations-2.1.3.jar:/Users/lilmarkv/.m2/repository/com/google/j2objc/j2objc-annotations/1.1/j2objc-annotations-1.1.jar:/Users/lilmarkv/.m2/repository/org/codehaus/mojo/animal-sniffer-annotations/1.14/animal-sniffer-annotations-1.14.jar:/Users/lilmarkv/.m2/repository/com/squareup/okhttp3/okhttp/3.11.0/okhttp-3.11.0.jar:/Users/lilmarkv/.m2/repository/com/squareup/okio/okio/1.14.0/okio-1.14.0.jar:/Users/lilmarkv/.m2/repository/org/testng/testng/7.3.0/testng-7.3.0.jar:/Users/lilmarkv/.m2/repository/com/beust/jcommander/1.78/jcommander-1.78.jar:/Users/lilmarkv/.m2/repository/org/apache/ant/ant/1.10.3/ant-1.10.3.jar:/Users/lilmarkv/.m2/repository/org/apache/ant/ant-launcher/1.10.3/ant-launcher-1.10.3.jar:/Users/lilmarkv/.m2/repository/junit/junit/4.12/junit-4.12.jar:/Users/lilmarkv/.m2/repository/org/hamcrest/hamcrest-core/1.3/hamcrest-core-1.3.jar:/Users/lilmarkv/.m2/repository/com/google/inject/guice/4.2.2/guice-4.2.2-no_aop.jar:/Users/lilmarkv/.m2/repository/javax/inject/javax.inject/1/javax.inject-1.jar:/Users/lilmarkv/.m2/repository/aopalliance/aopalliance/1.0/aopalliance-1.0.jar:/Users/lilmarkv/.m2/repository/org/yaml/snakeyaml/1.21/snakeyaml-1.21.jar:/Users/lilmarkv/.m2/repository/io/rest-assured/rest-assured/4.3.3/rest-assured-4.3.3.jar:/Users/lilmarkv/.m2/repository/org/codehaus/groovy/groovy/3.0.7/groovy-3.0.7.jar:/Users/lilmarkv/.m2/repository/org/codehaus/groovy/groovy-xml/3.0.7/groovy-xml-3.0.7.jar:/Users/lilmarkv/.m2/repository/org/apache/httpcomponents/httpclient/4.5.3/httpclient-4.5.3.jar:/Users/lilmarkv/.m2/repository/org/apache/httpcomponents/httpcore/4.4.6/httpcore-4.4.6.jar:/Users/lilmarkv/.m2/repository/commons-logging/commons-logging/1.2/commons-logging-1.2.jar:/Users/lilmarkv/.m2/repository/commons-codec/commons-codec/1.9/commons-codec-1.9.jar:/Users/lilmarkv/.m2/repository/org/apache/httpcomponents/httpmime/4.5.3/httpmime-4.5.3.jar:/Users/lilmarkv/.m2/repository/org/hamcrest/hamcrest/2.1/hamcrest-2.1.jar:/Users/lilmarkv/.m2/repository/org/ccil/cowan/tagsoup/tagsoup/1.2.1/tagsoup-1.2.1.jar:/Users/lilmarkv/.m2/repository/io/rest-assured/json-path/4.3.3/json-path-4.3.3.jar:/Users/lilmarkv/.m2/repository/org/codehaus/groovy/groovy-json/3.0.7/groovy-json-3.0.7.jar:/Users/lilmarkv/.m2/repository/io/rest-assured/rest-assured-common/4.3.3/rest-assured-common-4.3.3.jar:/Users/lilmarkv/.m2/repository/io/rest-assured/xml-path/4.3.3/xml-path-4.3.3.jar:/Users/lilmarkv/.m2/repository/jakarta/xml/bind/jakarta.xml.bind-api/2.3.3/jakarta.xml.bind-api-2.3.3.jar:/Users/lilmarkv/.m2/repository/jakarta/activation/jakarta.activation-api/1.2.2/jakarta.activation-api-1.2.2.jar:/Users/lilmarkv/.m2/repository/com/sun/xml/bind/jaxb-impl/2.3.3/jaxb-impl-2.3.3.jar:/Users/lilmarkv/.m2/repository/io/appium/java-client/7.4.1/java-client-7.4.1.jar:/Users/lilmarkv/.m2/repository/com/google/code/gson/gson/2.8.6/gson-2.8.6.jar:/Users/lilmarkv/.m2/repository/cglib/cglib/3.3.0/cglib-3.3.0.jar:/Users/lilmarkv/.m2/repository/org/ow2/asm/asm/7.1/asm-7.1.jar:/Users/lilmarkv/.m2/repository/commons-validator/commons-validator/1.7/commons-validator-1.7.jar:/Users/lilmarkv/.m2/repository/commons-beanutils/commons-beanutils/1.9.4/commons-beanutils-1.9.4.jar:/Users/lilmarkv/.m2/repository/commons-digester/commons-digester/2.1/commons-digester-2.1.jar:/Users/lilmarkv/.m2/repository/commons-collections/commons-collections/3.2.2/commons-collections-3.2.2.jar:/Users/lilmarkv/.m2/repository/org/apache/commons/commons-lang3/3.11/commons-lang3-3.11.jar:/Users/lilmarkv/.m2/repository/commons-io/commons-io/2.8.0/commons-io-2.8.0.jar:/Users/lilmarkv/.m2/repository/org/springframework/spring-context/5.3.1/spring-context-5.3.1.jar:/Users/lilmarkv/.m2/repository/org/springframework/spring-aop/5.3.1/spring-aop-5.3.1.jar:/Users/lilmarkv/.m2/repository/org/springframework/spring-beans/5.3.1/spring-beans-5.3.1.jar:/Users/lilmarkv/.m2/repository/org/springframework/spring-core/5.3.1/spring-core-5.3.1.jar:/Users/lilmarkv/.m2/repository/org/springframework/spring-jcl/5.3.1/spring-jcl-5.3.1.jar:/Users/lilmarkv/.m2/repository/org/springframework/spring-expression/5.3.1/spring-expression-5.3.1.jar:/Users/lilmarkv/.m2/repository/org/aspectj/aspectjweaver/1.9.6/aspectjweaver-1.9.6.jar:/Users/lilmarkv/.m2/repository/org/slf4j/slf4j-api/1.7.30/slf4j-api-1.7.30.jar:"/>
    <property name="sun.cpu.endian" value="little"/>
    <property name="user.home" value="/Users/lilmarkv"/>
    <property name="user.language" value="en"/>
    <property name="java.specification.vendor" value="Oracle Corporation"/>
    <property name="java.version.date" value="2020-10-20"/>
    <property name="java.home" value="/Library/Java/JavaVirtualMachines/jdk-15.0.1.jdk/Contents/Home"/>
    <property name="file.separator" value="/"/>
    <property name="basedir" value="/Users/lilmarkv/Desktop/QA Automation_Eclipse/ProjectOne/Mavenjava"/>
    <property name="java.vm.compressedOopsMode" value="Zero based"/>
    <property name="line.separator" value="&#10;"/>
    <property name="java.specification.name" value="Java Platform API Specification"/>
    <property name="java.vm.specification.vendor" value="Oracle Corporation"/>
    <property name="surefire.real.class.path" value="/Users/lilmarkv/Desktop/QA Automation_Eclipse/ProjectOne/Mavenjava/target/surefire/surefirebooter13325602581008781277.jar"/>
    <property name="sun.management.compiler" value="HotSpot 64-Bit Tiered Compilers"/>
    <property name="ftp.nonProxyHosts" value="local|*.local|169.254/16|*.169.254/16"/>
    <property name="java.runtime.version" value="15.0.1+9-18"/>
    <property name="user.name" value="lilmarkv"/>
    <property name="path.separator" value=":"/>
    <property name="os.version" value="10.16"/>
    <property name="java.runtime.name" value="Java(TM) SE Runtime Environment"/>
    <property name="file.encoding" value="UTF-8"/>
    <property name="java.vm.name" value="Java HotSpot(TM) 64-Bit Server VM"/>
    <property name="localRepository" value="/Users/lilmarkv/.m2/repository"/>
    <property name="java.vendor.url.bug" value="https://bugreport.java.com/bugreport/"/>
    <property name="java.io.tmpdir" value="/var/folders/x9/m5c45dtn2qq6yqnm9g53d4vw0000gn/T/"/>
    <property name="java.version" value="15.0.1"/>
    <property name="user.dir" value="/Users/lilmarkv/Desktop/QA Automation_Eclipse/ProjectOne/Mavenjava"/>
    <property name="os.arch" value="x86_64"/>
    <property name="java.vm.specification.name" value="Java Virtual Machine Specification"/>
    <property name="java.library.path" value="/Users/lilmarkv/Library/Java/Extensions:/Library/Java/Extensions:/Network/Library/Java/Extensions:/System/Library/Java/Extensions:/usr/lib/java:."/>
    <property name="java.vm.info" value="mixed mode, sharing"/>
    <property name="java.vendor" value="Oracle Corporation"/>
    <property name="java.vm.version" value="15.0.1+9-18"/>
    <property name="sun.io.unicode.encoding" value="UnicodeBig"/>
    <property name="socksNonProxyHosts" value="local|*.local|169.254/16|*.169.254/16"/>
    <property name="java.class.version" value="59.0"/>
  </properties>
  <testcase name="element on element(qaclickacademy.SeleniemTest)" classname="qaclickacademy.SeleniemTest" time="0.035">
    <system-out><![CDATA[Usage: <main class> [options] The XML suite files to run
  Options:
    -alwaysrunlisteners
      Should MethodInvocation Listeners be run even for skipped methods
      Default: true
    -configfailurepolicy
      Configuration failure policy (skip or continue)
    -d
      Output directory
    -dataproviderthreadcount
      Number of threads to use when running data providers
    -dependencyinjectorfactory
      The dependency injector factory implementation that TestNG should use.
    -excludegroups
      Comma-separated list of group names to  exclude
    -failwheneverythingskipped
      Should TestNG fail execution if all tests were skipped and nothing was 
      run. 
      Default: false
    -groups
      Comma-separated list of group names to be run
    -junit
      JUnit mode
      Default: false
    -listener
      List of .class files or list of class names implementing ITestListener 
      or ISuiteListener
    -methods
      Comma separated of test methods
      Default: []
    -methodselectors
      List of .class files or list of class names implementing IMethodSelector
    -mixed
      Mixed mode - autodetect the type of current test and run it with 
      appropriate runner
      Default: false
    -objectfactory
      List of .class files or list of class names implementing 
      ITestRunnerFactory 
    -parallel
      Parallel mode (methods, tests or classes)
      Possible Values: [tests, methods, classes, instances, none, true, false]
    -port
      The port
    -reporter
      Extended configuration for custom report listener
    -spilistenerstoskip
      Comma separated fully qualified class names of listeners that should be 
      skipped from being wired in via Service Loaders.
      Default: <empty string>
    -suitename
      Default name of test suite, if not specified in suite definition file or 
      source code
    -suitethreadpoolsize
      Size of the thread pool to use to run suites
      Default: 1
    -testclass
      The list of test classes
    -testjar
      A jar file containing the tests
    -testname
      Default name of test, if not specified in suitedefinition file or source 
      code 
    -testnames
      The list of test names to run
    -testrunfactory, -testRunFactory
      The factory used to create tests
    -threadcount
      Number of threads to use when running tests in parallel
    -threadpoolfactoryclass
      The threadpool executor factory implementation that TestNG should use.
    -usedefaultlisteners
      Whether to use the default listeners
      Default: true
    -log, -verbose
      Level of verbosity
    -xmlpathinjar
      The full path to the xml file inside the jar file (only valid if 
      -testjar was specified)
      Default: testng.xml

element
]]></system-out>
    <system-err><![CDATA[[TestNG] [ERROR] No test suite found. Nothing to run
]]></system-err>
  </testcase>
  <testcase name="automation on automation(qaclickacademy.SeleniemTest)" classname="qaclickacademy.SeleniemTest" time="0">
    <system-out><![CDATA[automation
]]></system-out>
  </testcase>
  <testcase name="iosapp on iosapp(qaclickacademy.AppiumTest)" classname="qaclickacademy.AppiumTest" time="0.003">
    <system-out><![CDATA[iosapp
]]></system-out>
  </testcase>
  <testcase name="androidapp on androidapp(qaclickacademy.AppiumTest)" classname="qaclickacademy.AppiumTest" time="0">
    <system-out><![CDATA[androidapp(
]]></system-out>
  </testcase>
  <testcase name="postjira on postjira(qaclickacademy.APITest)" classname="qaclickacademy.APITest" time="0">
    <system-out><![CDATA[postjira
]]></system-out>
  </testcase>
  <testcase name="deletetwitter on deletetwitter(qaclickacademy.APITest)" classname="qaclickacademy.APITest" time="0">
    <system-out><![CDATA[deletetwitter
]]></system-out>
  </testcase>
</testsuite>