<?xml version="1.0" encoding="UTF-8"?>
<!-- Generated by org.testng.reporters.JUnitReportReporter -->
<testsuite hostname="Edels-MacBook-Pro.local" failures="0" tests="2" name="qaclickacademy.APITest" time="0.003" errors="0" timestamp="2021-02-18T07:13:59 PST" skipped="0">
  <testcase classname="qaclickacademy.APITest" name="postjira" time="0.001"/>
  <system-out/>
  <testcase classname="qaclickacademy.APITest" name="deletetwitter" time="0.002"/>
  <system-out/>
</testsuite> <!-- qaclickacademy.APITest -->
