<?xml version="1.0" encoding="UTF-8"?>
<!-- Generated by org.testng.reporters.JUnitReportReporter -->
<testsuite hostname="Edels-MacBook-Pro.local" failures="0" tests="2" name="qaclickacademy.SeleniemTest" time="0.084" errors="0" timestamp="2021-02-18T07:13:59 PST" skipped="0">
  <testcase classname="qaclickacademy.SeleniemTest" name="automation" time="0.058"/>
  <system-out/>
  <testcase classname="qaclickacademy.SeleniemTest" name="element" time="0.026"/>
  <system-out/>
</testsuite> <!-- qaclickacademy.SeleniemTest -->
