<?xml version="1.0" encoding="UTF-8"?>
<!-- Generated by org.testng.reporters.JUnitReportReporter -->
<testsuite hostname="Edels-MacBook-Pro.local" failures="0" tests="2" name="qaclickacademy.AppiumTest" time="0.002" errors="0" timestamp="2021-02-18T07:13:59 PST" skipped="0">
  <testcase classname="qaclickacademy.AppiumTest" name="androidapp" time="0.001"/>
  <system-out/>
  <testcase classname="qaclickacademy.AppiumTest" name="iosapp" time="0.001"/>
  <system-out/>
</testsuite> <!-- qaclickacademy.AppiumTest -->
